  [1m[35m (6.1ms)[0m  [1m[35mSET NAMES utf8,  @@SESSION.sql_mode = CONCAT(CONCAT(@@sql_mode, ',STRICT_ALL_TABLES'), ',NO_AUTO_VALUE_ON_ZERO'),  @@SESSION.sql_auto_is_null = 0, @@SESSION.wait_timeout = 2147483[0m
  ↳ bin/rails:4
  [1m[35m (0.9ms)[0m  [1m[35mCREATE DATABASE `sipks_development` DEFAULT CHARACTER SET `utf8`[0m
  ↳ bin/rails:4
  [1m[35m (2.0ms)[0m  [1m[35mSET NAMES utf8,  @@SESSION.sql_mode = CONCAT(CONCAT(@@sql_mode, ',STRICT_ALL_TABLES'), ',NO_AUTO_VALUE_ON_ZERO'),  @@SESSION.sql_auto_is_null = 0, @@SESSION.wait_timeout = 2147483[0m
  ↳ bin/rails:4
  [1m[35m (0.8ms)[0m  [1m[35mCREATE DATABASE `sipks_test` DEFAULT CHARACTER SET `utf8`[0m
  ↳ bin/rails:4
  [1m[35m (0.9ms)[0m  [1m[35mSET NAMES utf8,  @@SESSION.sql_mode = CONCAT(CONCAT(@@sql_mode, ',STRICT_ALL_TABLES'), ',NO_AUTO_VALUE_ON_ZERO'),  @@SESSION.sql_auto_is_null = 0, @@SESSION.wait_timeout = 2147483[0m
  ↳ bin/rails:4
  [1m[35m (18.6ms)[0m  [1m[35mCREATE TABLE `schema_migrations` (`version` varchar(255) NOT NULL PRIMARY KEY)[0m
  ↳ bin/rails:4
  [1m[35m (18.9ms)[0m  [1m[35mCREATE TABLE `ar_internal_metadata` (`key` varchar(255) NOT NULL PRIMARY KEY, `value` varchar(255), `created_at` datetime NOT NULL, `updated_at` datetime NOT NULL)[0m
  ↳ bin/rails:4
  [1m[35m (1.1ms)[0m  [1m[34mSELECT GET_LOCK('2127749988788325090', 0)[0m
  ↳ bin/rails:4
  [1m[35m (1.3ms)[0m  [1m[34mSELECT `schema_migrations`.`version` FROM `schema_migrations` ORDER BY `schema_migrations`.`version` ASC[0m
  ↳ bin/rails:4
Migrating to CreateYears (20200215083947)
  [1m[35m (22.1ms)[0m  [1m[35mCREATE TABLE `years` (`id` bigint NOT NULL AUTO_INCREMENT PRIMARY KEY, `year` varchar(255), `created_at` datetime NOT NULL, `updated_at` datetime NOT NULL)[0m
  ↳ db/migrate/20200215083947_create_years.rb:3
  [1m[35m (0.7ms)[0m  [1m[35mBEGIN[0m
  ↳ bin/rails:4
  [1m[36mActiveRecord::SchemaMigration Create (0.8ms)[0m  [1m[32mINSERT INTO `schema_migrations` (`version`) VALUES ('20200215083947')[0m
  ↳ bin/rails:4
  [1m[35m (11.0ms)[0m  [1m[35mCOMMIT[0m
  ↳ bin/rails:4
Migrating to CreateCities (20200215084003)
  [1m[35m (28.2ms)[0m  [1m[35mCREATE TABLE `cities` (`id` bigint NOT NULL AUTO_INCREMENT PRIMARY KEY, `city` varchar(255), `created_at` datetime NOT NULL, `updated_at` datetime NOT NULL)[0m
  ↳ db/migrate/20200215084003_create_cities.rb:3
  [1m[35m (0.8ms)[0m  [1m[35mBEGIN[0m
  ↳ bin/rails:4
  [1m[36mActiveRecord::SchemaMigration Create (1.2ms)[0m  [1m[32mINSERT INTO `schema_migrations` (`version`) VALUES ('20200215084003')[0m
  ↳ bin/rails:4
  [1m[35m (8.1ms)[0m  [1m[35mCOMMIT[0m
  ↳ bin/rails:4
Migrating to AddSlugToYears (20200215084412)
  [1m[35m (12.5ms)[0m  [1m[35mALTER TABLE `years` ADD `slug` varchar(255)[0m
  ↳ db/migrate/20200215084412_add_slug_to_years.rb:3
  [1m[35m (11.8ms)[0m  [1m[35mCREATE UNIQUE INDEX `index_years_on_slug`  ON `years` (`slug`) [0m
  ↳ db/migrate/20200215084412_add_slug_to_years.rb:4
  [1m[35m (1.0ms)[0m  [1m[35mBEGIN[0m
  ↳ bin/rails:4
  [1m[36mActiveRecord::SchemaMigration Create (1.4ms)[0m  [1m[32mINSERT INTO `schema_migrations` (`version`) VALUES ('20200215084412')[0m
  ↳ bin/rails:4
  [1m[35m (4.0ms)[0m  [1m[35mCOMMIT[0m
  ↳ bin/rails:4
Migrating to AddSlugToCities (20200215084423)
  [1m[35m (8.9ms)[0m  [1m[35mALTER TABLE `cities` ADD `slug` varchar(255)[0m
  ↳ db/migrate/20200215084423_add_slug_to_cities.rb:3
  [1m[35m (19.4ms)[0m  [1m[35mCREATE UNIQUE INDEX `index_cities_on_slug`  ON `cities` (`slug`) [0m
  ↳ db/migrate/20200215084423_add_slug_to_cities.rb:4
  [1m[35m (9.9ms)[0m  [1m[35mBEGIN[0m
  ↳ bin/rails:4
  [1m[36mActiveRecord::SchemaMigration Create (1.8ms)[0m  [1m[32mINSERT INTO `schema_migrations` (`version`) VALUES ('20200215084423')[0m
  ↳ bin/rails:4
  [1m[35m (5.6ms)[0m  [1m[35mCOMMIT[0m
  ↳ bin/rails:4
Migrating to CreateActionPlans (20200215084537)
  [1m[35m (29.9ms)[0m  [1m[35mCREATE TABLE `action_plans` (`id` bigint NOT NULL AUTO_INCREMENT PRIMARY KEY, `city_id` bigint, `year_id` bigint, `code_action_plans` varchar(255), `action_plan` varchar(255), `created_at` datetime NOT NULL, `updated_at` datetime NOT NULL,  INDEX `index_action_plans_on_city_id`  (`city_id`),  INDEX `index_action_plans_on_year_id`  (`year_id`), CONSTRAINT `fk_rails_79821d3c70`
FOREIGN KEY (`city_id`)
  REFERENCES `cities` (`id`)
, CONSTRAINT `fk_rails_cf1ede9f09`
FOREIGN KEY (`year_id`)
  REFERENCES `years` (`id`)
)[0m
  ↳ db/migrate/20200215084537_create_action_plans.rb:3
  [1m[35m (0.6ms)[0m  [1m[35mBEGIN[0m
  ↳ bin/rails:4
  [1m[36mActiveRecord::SchemaMigration Create (1.0ms)[0m  [1m[32mINSERT INTO `schema_migrations` (`version`) VALUES ('20200215084537')[0m
  ↳ bin/rails:4
  [1m[35m (5.2ms)[0m  [1m[35mCOMMIT[0m
  ↳ bin/rails:4
Migrating to AddSlugToActionPlans (20200215084626)
  [1m[35m (10.4ms)[0m  [1m[35mALTER TABLE `action_plans` ADD `slug` varchar(255)[0m
  ↳ db/migrate/20200215084626_add_slug_to_action_plans.rb:3
  [1m[35m (13.1ms)[0m  [1m[35mCREATE UNIQUE INDEX `index_action_plans_on_slug`  ON `action_plans` (`slug`) [0m
  ↳ db/migrate/20200215084626_add_slug_to_action_plans.rb:4
  [1m[35m (1.0ms)[0m  [1m[35mBEGIN[0m
  ↳ bin/rails:4
  [1m[36mActiveRecord::SchemaMigration Create (0.8ms)[0m  [1m[32mINSERT INTO `schema_migrations` (`version`) VALUES ('20200215084626')[0m
  ↳ bin/rails:4
  [1m[35m (4.4ms)[0m  [1m[35mCOMMIT[0m
  ↳ bin/rails:4
Migrating to CreateBFours (20200215084854)
  [1m[35m (28.4ms)[0m  [1m[35mCREATE TABLE `b_fours` (`id` bigint NOT NULL AUTO_INCREMENT PRIMARY KEY, `action_plan_id` bigint, `created_at` datetime NOT NULL, `updated_at` datetime NOT NULL,  INDEX `index_b_fours_on_action_plan_id`  (`action_plan_id`), CONSTRAINT `fk_rails_ae2c3509e4`
FOREIGN KEY (`action_plan_id`)
  REFERENCES `action_plans` (`id`)
)[0m
  ↳ db/migrate/20200215084854_create_b_fours.rb:3
  [1m[35m (0.7ms)[0m  [1m[35mBEGIN[0m
  ↳ bin/rails:4
  [1m[36mActiveRecord::SchemaMigration Create (1.2ms)[0m  [1m[32mINSERT INTO `schema_migrations` (`version`) VALUES ('20200215084854')[0m
  ↳ bin/rails:4
  [1m[35m (2.7ms)[0m  [1m[35mCOMMIT[0m
  ↳ bin/rails:4
Migrating to AddAttachmentNotulenToBFours (20200215085005)
  [1m[35m (7.3ms)[0m  [1m[35mALTER TABLE `b_fours` ADD `notulen_file_name` varchar(255)[0m
  ↳ db/migrate/20200215085005_add_attachment_notulen_to_b_fours.rb:4
  [1m[35m (5.0ms)[0m  [1m[35mALTER TABLE `b_fours` ADD `notulen_content_type` varchar(255)[0m
  ↳ db/migrate/20200215085005_add_attachment_notulen_to_b_fours.rb:4
  [1m[35m (12.2ms)[0m  [1m[35mALTER TABLE `b_fours` ADD `notulen_file_size` int[0m
  ↳ db/migrate/20200215085005_add_attachment_notulen_to_b_fours.rb:4
  [1m[35m (3.9ms)[0m  [1m[35mALTER TABLE `b_fours` ADD `notulen_updated_at` datetime[0m
  ↳ db/migrate/20200215085005_add_attachment_notulen_to_b_fours.rb:4
  [1m[35m (0.7ms)[0m  [1m[35mBEGIN[0m
  ↳ bin/rails:4
  [1m[36mActiveRecord::SchemaMigration Create (1.2ms)[0m  [1m[32mINSERT INTO `schema_migrations` (`version`) VALUES ('20200215085005')[0m
  ↳ bin/rails:4
  [1m[35m (6.4ms)[0m  [1m[35mCOMMIT[0m
  ↳ bin/rails:4
Migrating to AddAttachmentDaftarHadirToBFours (20200215085052)
  [1m[35m (4.5ms)[0m  [1m[35mALTER TABLE `b_fours` ADD `daftar_hadir_file_name` varchar(255)[0m
  ↳ db/migrate/20200215085052_add_attachment_daftar_hadir_to_b_fours.rb:4
  [1m[35m (5.1ms)[0m  [1m[35mALTER TABLE `b_fours` ADD `daftar_hadir_content_type` varchar(255)[0m
  ↳ db/migrate/20200215085052_add_attachment_daftar_hadir_to_b_fours.rb:4
  [1m[35m (7.6ms)[0m  [1m[35mALTER TABLE `b_fours` ADD `daftar_hadir_file_size` int[0m
  ↳ db/migrate/20200215085052_add_attachment_daftar_hadir_to_b_fours.rb:4
  [1m[35m (6.8ms)[0m  [1m[35mALTER TABLE `b_fours` ADD `daftar_hadir_updated_at` datetime[0m
  ↳ db/migrate/20200215085052_add_attachment_daftar_hadir_to_b_fours.rb:4
  [1m[35m (0.8ms)[0m  [1m[35mBEGIN[0m
  ↳ bin/rails:4
  [1m[36mActiveRecord::SchemaMigration Create (1.1ms)[0m  [1m[32mINSERT INTO `schema_migrations` (`version`) VALUES ('20200215085052')[0m
  ↳ bin/rails:4
  [1m[35m (5.1ms)[0m  [1m[35mCOMMIT[0m
  ↳ bin/rails:4
Migrating to AddAttachmentFotoKegiatanToBFours (20200215085100)
  [1m[35m (6.9ms)[0m  [1m[35mALTER TABLE `b_fours` ADD `foto_kegiatan_file_name` varchar(255)[0m
  ↳ db/migrate/20200215085100_add_attachment_foto_kegiatan_to_b_fours.rb:4
  [1m[35m (5.4ms)[0m  [1m[35mALTER TABLE `b_fours` ADD `foto_kegiatan_content_type` varchar(255)[0m
  ↳ db/migrate/20200215085100_add_attachment_foto_kegiatan_to_b_fours.rb:4
  [1m[35m (7.3ms)[0m  [1m[35mALTER TABLE `b_fours` ADD `foto_kegiatan_file_size` int[0m
  ↳ db/migrate/20200215085100_add_attachment_foto_kegiatan_to_b_fours.rb:4
  [1m[35m (4.0ms)[0m  [1m[35mALTER TABLE `b_fours` ADD `foto_kegiatan_updated_at` datetime[0m
  ↳ db/migrate/20200215085100_add_attachment_foto_kegiatan_to_b_fours.rb:4
  [1m[35m (1.1ms)[0m  [1m[35mBEGIN[0m
  ↳ bin/rails:4
  [1m[36mActiveRecord::SchemaMigration Create (0.7ms)[0m  [1m[32mINSERT INTO `schema_migrations` (`version`) VALUES ('20200215085100')[0m
  ↳ bin/rails:4
  [1m[35m (5.0ms)[0m  [1m[35mCOMMIT[0m
  ↳ bin/rails:4
Migrating to AddAttachmentMateriToBFours (20200215085108)
  [1m[35m (8.3ms)[0m  [1m[35mALTER TABLE `b_fours` ADD `materi_file_name` varchar(255)[0m
  ↳ db/migrate/20200215085108_add_attachment_materi_to_b_fours.rb:4
  [1m[35m (4.0ms)[0m  [1m[35mALTER TABLE `b_fours` ADD `materi_content_type` varchar(255)[0m
  ↳ db/migrate/20200215085108_add_attachment_materi_to_b_fours.rb:4
  [1m[35m (2.9ms)[0m  [1m[35mALTER TABLE `b_fours` ADD `materi_file_size` int[0m
  ↳ db/migrate/20200215085108_add_attachment_materi_to_b_fours.rb:4
  [1m[35m (4.0ms)[0m  [1m[35mALTER TABLE `b_fours` ADD `materi_updated_at` datetime[0m
  ↳ db/migrate/20200215085108_add_attachment_materi_to_b_fours.rb:4
  [1m[35m (1.3ms)[0m  [1m[35mBEGIN[0m
  ↳ bin/rails:4
  [1m[36mActiveRecord::SchemaMigration Create (2.6ms)[0m  [1m[32mINSERT INTO `schema_migrations` (`version`) VALUES ('20200215085108')[0m
  ↳ bin/rails:4
  [1m[35m (3.0ms)[0m  [1m[35mCOMMIT[0m
  ↳ bin/rails:4
Migrating to AddAttachmentScanDocumentToBFours (20200215085118)
  [1m[35m (3.9ms)[0m  [1m[35mALTER TABLE `b_fours` ADD `scan_document_file_name` varchar(255)[0m
  ↳ db/migrate/20200215085118_add_attachment_scan_document_to_b_fours.rb:4
  [1m[35m (5.7ms)[0m  [1m[35mALTER TABLE `b_fours` ADD `scan_document_content_type` varchar(255)[0m
  ↳ db/migrate/20200215085118_add_attachment_scan_document_to_b_fours.rb:4
  [1m[35m (4.7ms)[0m  [1m[35mALTER TABLE `b_fours` ADD `scan_document_file_size` int[0m
  ↳ db/migrate/20200215085118_add_attachment_scan_document_to_b_fours.rb:4
  [1m[35m (5.4ms)[0m  [1m[35mALTER TABLE `b_fours` ADD `scan_document_updated_at` datetime[0m
  ↳ db/migrate/20200215085118_add_attachment_scan_document_to_b_fours.rb:4
  [1m[35m (0.7ms)[0m  [1m[35mBEGIN[0m
  ↳ bin/rails:4
  [1m[36mActiveRecord::SchemaMigration Create (1.0ms)[0m  [1m[32mINSERT INTO `schema_migrations` (`version`) VALUES ('20200215085118')[0m
  ↳ bin/rails:4
  [1m[35m (9.8ms)[0m  [1m[35mCOMMIT[0m
  ↳ bin/rails:4
Migrating to AddAttachmentScanDocumentTtdToBFours (20200215085125)
  [1m[35m (5.7ms)[0m  [1m[35mALTER TABLE `b_fours` ADD `scan_document_ttd_file_name` varchar(255)[0m
  ↳ db/migrate/20200215085125_add_attachment_scan_document_ttd_to_b_fours.rb:4
  [1m[35m (4.9ms)[0m  [1m[35mALTER TABLE `b_fours` ADD `scan_document_ttd_content_type` varchar(255)[0m
  ↳ db/migrate/20200215085125_add_attachment_scan_document_ttd_to_b_fours.rb:4
  [1m[35m (11.4ms)[0m  [1m[35mALTER TABLE `b_fours` ADD `scan_document_ttd_file_size` int[0m
  ↳ db/migrate/20200215085125_add_attachment_scan_document_ttd_to_b_fours.rb:4
  [1m[35m (3.9ms)[0m  [1m[35mALTER TABLE `b_fours` ADD `scan_document_ttd_updated_at` datetime[0m
  ↳ db/migrate/20200215085125_add_attachment_scan_document_ttd_to_b_fours.rb:4
  [1m[35m (0.9ms)[0m  [1m[35mBEGIN[0m
  ↳ bin/rails:4
  [1m[36mActiveRecord::SchemaMigration Create (0.9ms)[0m  [1m[32mINSERT INTO `schema_migrations` (`version`) VALUES ('20200215085125')[0m
  ↳ bin/rails:4
  [1m[35m (3.0ms)[0m  [1m[35mCOMMIT[0m
  ↳ bin/rails:4
Migrating to AddAttachmentFotoAtauMateriToBFours (20200215085134)
  [1m[35m (7.7ms)[0m  [1m[35mALTER TABLE `b_fours` ADD `foto_atau_materi_file_name` varchar(255)[0m
  ↳ db/migrate/20200215085134_add_attachment_foto_atau_materi_to_b_fours.rb:4
  [1m[35m (2.9ms)[0m  [1m[35mALTER TABLE `b_fours` ADD `foto_atau_materi_content_type` varchar(255)[0m
  ↳ db/migrate/20200215085134_add_attachment_foto_atau_materi_to_b_fours.rb:4
  [1m[35m (5.1ms)[0m  [1m[35mALTER TABLE `b_fours` ADD `foto_atau_materi_file_size` int[0m
  ↳ db/migrate/20200215085134_add_attachment_foto_atau_materi_to_b_fours.rb:4
  [1m[35m (12.7ms)[0m  [1m[35mALTER TABLE `b_fours` ADD `foto_atau_materi_updated_at` datetime[0m
  ↳ db/migrate/20200215085134_add_attachment_foto_atau_materi_to_b_fours.rb:4
  [1m[35m (5.9ms)[0m  [1m[35mBEGIN[0m
  ↳ bin/rails:4
  [1m[36mActiveRecord::SchemaMigration Create (0.8ms)[0m  [1m[32mINSERT INTO `schema_migrations` (`version`) VALUES ('20200215085134')[0m
  ↳ bin/rails:4
  [1m[35m (3.1ms)[0m  [1m[35mCOMMIT[0m
  ↳ bin/rails:4
Migrating to CreateBEights (20200215103907)
  [1m[35m (25.2ms)[0m  [1m[35mCREATE TABLE `b_eights` (`id` bigint NOT NULL AUTO_INCREMENT PRIMARY KEY, `action_plan_id` bigint, `created_at` datetime NOT NULL, `updated_at` datetime NOT NULL,  INDEX `index_b_eights_on_action_plan_id`  (`action_plan_id`), CONSTRAINT `fk_rails_588874d435`
FOREIGN KEY (`action_plan_id`)
  REFERENCES `action_plans` (`id`)
)[0m
  ↳ db/migrate/20200215103907_create_b_eights.rb:3
  [1m[35m (1.8ms)[0m  [1m[35mBEGIN[0m
  ↳ bin/rails:4
  [1m[36mActiveRecord::SchemaMigration Create (1.0ms)[0m  [1m[32mINSERT INTO `schema_migrations` (`version`) VALUES ('20200215103907')[0m
  ↳ bin/rails:4
  [1m[35m (2.9ms)[0m  [1m[35mCOMMIT[0m
  ↳ bin/rails:4
Migrating to AddAttachmentNotulenToBEights (20200215103923)
  [1m[35m (11.7ms)[0m  [1m[35mALTER TABLE `b_eights` ADD `notulen_file_name` varchar(255)[0m
  ↳ db/migrate/20200215103923_add_attachment_notulen_to_b_eights.rb:4
  [1m[35m (5.3ms)[0m  [1m[35mALTER TABLE `b_eights` ADD `notulen_content_type` varchar(255)[0m
  ↳ db/migrate/20200215103923_add_attachment_notulen_to_b_eights.rb:4
  [1m[35m (3.4ms)[0m  [1m[35mALTER TABLE `b_eights` ADD `notulen_file_size` int[0m
  ↳ db/migrate/20200215103923_add_attachment_notulen_to_b_eights.rb:4
  [1m[35m (2.5ms)[0m  [1m[35mALTER TABLE `b_eights` ADD `notulen_updated_at` datetime[0m
  ↳ db/migrate/20200215103923_add_attachment_notulen_to_b_eights.rb:4
  [1m[35m (0.3ms)[0m  [1m[35mBEGIN[0m
  ↳ bin/rails:4
  [1m[36mActiveRecord::SchemaMigration Create (0.4ms)[0m  [1m[32mINSERT INTO `schema_migrations` (`version`) VALUES ('20200215103923')[0m
  ↳ bin/rails:4
  [1m[35m (6.0ms)[0m  [1m[35mCOMMIT[0m
  ↳ bin/rails:4
Migrating to AddAttachmentDaftarHadirToBEights (20200215103938)
  [1m[35m (4.3ms)[0m  [1m[35mALTER TABLE `b_eights` ADD `daftar_hadir_file_name` varchar(255)[0m
  ↳ db/migrate/20200215103938_add_attachment_daftar_hadir_to_b_eights.rb:4
  [1m[35m (10.2ms)[0m  [1m[35mALTER TABLE `b_eights` ADD `daftar_hadir_content_type` varchar(255)[0m
  ↳ db/migrate/20200215103938_add_attachment_daftar_hadir_to_b_eights.rb:4
  [1m[35m (4.0ms)[0m  [1m[35mALTER TABLE `b_eights` ADD `daftar_hadir_file_size` int[0m
  ↳ db/migrate/20200215103938_add_attachment_daftar_hadir_to_b_eights.rb:4
  [1m[35m (6.3ms)[0m  [1m[35mALTER TABLE `b_eights` ADD `daftar_hadir_updated_at` datetime[0m
  ↳ db/migrate/20200215103938_add_attachment_daftar_hadir_to_b_eights.rb:4
  [1m[35m (0.3ms)[0m  [1m[35mBEGIN[0m
  ↳ bin/rails:4
  [1m[36mActiveRecord::SchemaMigration Create (0.4ms)[0m  [1m[32mINSERT INTO `schema_migrations` (`version`) VALUES ('20200215103938')[0m
  ↳ bin/rails:4
  [1m[35m (2.8ms)[0m  [1m[35mCOMMIT[0m
  ↳ bin/rails:4
Migrating to AddAttachmentFotoKegiatanToBEights (20200215104000)
  [1m[35m (5.1ms)[0m  [1m[35mALTER TABLE `b_eights` ADD `foto_kegiatan_file_name` varchar(255)[0m
  ↳ db/migrate/20200215104000_add_attachment_foto_kegiatan_to_b_eights.rb:4
  [1m[35m (4.8ms)[0m  [1m[35mALTER TABLE `b_eights` ADD `foto_kegiatan_content_type` varchar(255)[0m
  ↳ db/migrate/20200215104000_add_attachment_foto_kegiatan_to_b_eights.rb:4
  [1m[35m (3.9ms)[0m  [1m[35mALTER TABLE `b_eights` ADD `foto_kegiatan_file_size` int[0m
  ↳ db/migrate/20200215104000_add_attachment_foto_kegiatan_to_b_eights.rb:4
  [1m[35m (2.9ms)[0m  [1m[35mALTER TABLE `b_eights` ADD `foto_kegiatan_updated_at` datetime[0m
  ↳ db/migrate/20200215104000_add_attachment_foto_kegiatan_to_b_eights.rb:4
  [1m[35m (0.3ms)[0m  [1m[35mBEGIN[0m
  ↳ bin/rails:4
  [1m[36mActiveRecord::SchemaMigration Create (0.5ms)[0m  [1m[32mINSERT INTO `schema_migrations` (`version`) VALUES ('20200215104000')[0m
  ↳ bin/rails:4
  [1m[35m (2.8ms)[0m  [1m[35mCOMMIT[0m
  ↳ bin/rails:4
Migrating to AddAttachmentMateriToBEights (20200215104011)
  [1m[35m (11.4ms)[0m  [1m[35mALTER TABLE `b_eights` ADD `materi_file_name` varchar(255)[0m
  ↳ db/migrate/20200215104011_add_attachment_materi_to_b_eights.rb:4
  [1m[35m (4.0ms)[0m  [1m[35mALTER TABLE `b_eights` ADD `materi_content_type` varchar(255)[0m
  ↳ db/migrate/20200215104011_add_attachment_materi_to_b_eights.rb:4
  [1m[35m (6.7ms)[0m  [1m[35mALTER TABLE `b_eights` ADD `materi_file_size` int[0m
  ↳ db/migrate/20200215104011_add_attachment_materi_to_b_eights.rb:4
  [1m[35m (4.0ms)[0m  [1m[35mALTER TABLE `b_eights` ADD `materi_updated_at` datetime[0m
  ↳ db/migrate/20200215104011_add_attachment_materi_to_b_eights.rb:4
  [1m[35m (1.1ms)[0m  [1m[35mBEGIN[0m
  ↳ bin/rails:4
  [1m[36mActiveRecord::SchemaMigration Create (0.6ms)[0m  [1m[32mINSERT INTO `schema_migrations` (`version`) VALUES ('20200215104011')[0m
  ↳ bin/rails:4
  [1m[35m (3.4ms)[0m  [1m[35mCOMMIT[0m
  ↳ bin/rails:4
Migrating to AddAttachmentScanDocumentToBEights (20200215104031)
  [1m[35m (5.0ms)[0m  [1m[35mALTER TABLE `b_eights` ADD `scan_document_file_name` varchar(255)[0m
  ↳ db/migrate/20200215104031_add_attachment_scan_document_to_b_eights.rb:4
  [1m[35m (2.6ms)[0m  [1m[35mALTER TABLE `b_eights` ADD `scan_document_content_type` varchar(255)[0m
  ↳ db/migrate/20200215104031_add_attachment_scan_document_to_b_eights.rb:4
  [1m[35m (8.4ms)[0m  [1m[35mALTER TABLE `b_eights` ADD `scan_document_file_size` int[0m
  ↳ db/migrate/20200215104031_add_attachment_scan_document_to_b_eights.rb:4
  [1m[35m (7.4ms)[0m  [1m[35mALTER TABLE `b_eights` ADD `scan_document_updated_at` datetime[0m
  ↳ db/migrate/20200215104031_add_attachment_scan_document_to_b_eights.rb:4
  [1m[35m (0.6ms)[0m  [1m[35mBEGIN[0m
  ↳ bin/rails:4
  [1m[36mActiveRecord::SchemaMigration Create (1.1ms)[0m  [1m[32mINSERT INTO `schema_migrations` (`version`) VALUES ('20200215104031')[0m
  ↳ bin/rails:4
  [1m[35m (2.6ms)[0m  [1m[35mCOMMIT[0m
  ↳ bin/rails:4
Migrating to AddAttachmentScanDocumentTtdToBEights (20200215104049)
  [1m[35m (5.0ms)[0m  [1m[35mALTER TABLE `b_eights` ADD `scan_document_ttd_file_name` varchar(255)[0m
  ↳ db/migrate/20200215104049_add_attachment_scan_document_ttd_to_b_eights.rb:4
  [1m[35m (4.2ms)[0m  [1m[35mALTER TABLE `b_eights` ADD `scan_document_ttd_content_type` varchar(255)[0m
  ↳ db/migrate/20200215104049_add_attachment_scan_document_ttd_to_b_eights.rb:4
  [1m[35m (3.3ms)[0m  [1m[35mALTER TABLE `b_eights` ADD `scan_document_ttd_file_size` int[0m
  ↳ db/migrate/20200215104049_add_attachment_scan_document_ttd_to_b_eights.rb:4
  [1m[35m (4.8ms)[0m  [1m[35mALTER TABLE `b_eights` ADD `scan_document_ttd_updated_at` datetime[0m
  ↳ db/migrate/20200215104049_add_attachment_scan_document_ttd_to_b_eights.rb:4
  [1m[35m (1.9ms)[0m  [1m[35mBEGIN[0m
  ↳ bin/rails:4
  [1m[36mActiveRecord::SchemaMigration Create (0.8ms)[0m  [1m[32mINSERT INTO `schema_migrations` (`version`) VALUES ('20200215104049')[0m
  ↳ bin/rails:4
  [1m[35m (3.2ms)[0m  [1m[35mCOMMIT[0m
  ↳ bin/rails:4
Migrating to AddAttachmentFotoAtauMateriToBEights (20200215104100)
  [1m[35m (6.0ms)[0m  [1m[35mALTER TABLE `b_eights` ADD `foto_atau_materi_file_name` varchar(255)[0m
  ↳ db/migrate/20200215104100_add_attachment_foto_atau_materi_to_b_eights.rb:4
  [1m[35m (2.4ms)[0m  [1m[35mALTER TABLE `b_eights` ADD `foto_atau_materi_content_type` varchar(255)[0m
  ↳ db/migrate/20200215104100_add_attachment_foto_atau_materi_to_b_eights.rb:4
  [1m[35m (3.7ms)[0m  [1m[35mALTER TABLE `b_eights` ADD `foto_atau_materi_file_size` int[0m
  ↳ db/migrate/20200215104100_add_attachment_foto_atau_materi_to_b_eights.rb:4
  [1m[35m (7.7ms)[0m  [1m[35mALTER TABLE `b_eights` ADD `foto_atau_materi_updated_at` datetime[0m
  ↳ db/migrate/20200215104100_add_attachment_foto_atau_materi_to_b_eights.rb:4
  [1m[35m (2.6ms)[0m  [1m[35mBEGIN[0m
  ↳ bin/rails:4
  [1m[36mActiveRecord::SchemaMigration Create (0.7ms)[0m  [1m[32mINSERT INTO `schema_migrations` (`version`) VALUES ('20200215104100')[0m
  ↳ bin/rails:4
  [1m[35m (2.9ms)[0m  [1m[35mCOMMIT[0m
  ↳ bin/rails:4
Migrating to CreateBTwelves (20200215104139)
  [1m[35m (26.2ms)[0m  [1m[35mCREATE TABLE `b_twelves` (`id` bigint NOT NULL AUTO_INCREMENT PRIMARY KEY, `action_plan_id` bigint, `created_at` datetime NOT NULL, `updated_at` datetime NOT NULL,  INDEX `index_b_twelves_on_action_plan_id`  (`action_plan_id`), CONSTRAINT `fk_rails_ea175ca362`
FOREIGN KEY (`action_plan_id`)
  REFERENCES `action_plans` (`id`)
)[0m
  ↳ db/migrate/20200215104139_create_b_twelves.rb:3
  [1m[35m (0.7ms)[0m  [1m[35mBEGIN[0m
  ↳ bin/rails:4
  [1m[36mActiveRecord::SchemaMigration Create (0.9ms)[0m  [1m[32mINSERT INTO `schema_migrations` (`version`) VALUES ('20200215104139')[0m
  ↳ bin/rails:4
  [1m[35m (11.7ms)[0m  [1m[35mCOMMIT[0m
  ↳ bin/rails:4
Migrating to AddAttachmentNotulenToBTwelves (20200215104155)
  [1m[35m (8.5ms)[0m  [1m[35mALTER TABLE `b_twelves` ADD `notulen_file_name` varchar(255)[0m
  ↳ db/migrate/20200215104155_add_attachment_notulen_to_b_twelves.rb:4
  [1m[35m (7.9ms)[0m  [1m[35mALTER TABLE `b_twelves` ADD `notulen_content_type` varchar(255)[0m
  ↳ db/migrate/20200215104155_add_attachment_notulen_to_b_twelves.rb:4
  [1m[35m (3.7ms)[0m  [1m[35mALTER TABLE `b_twelves` ADD `notulen_file_size` int[0m
  ↳ db/migrate/20200215104155_add_attachment_notulen_to_b_twelves.rb:4
  [1m[35m (2.2ms)[0m  [1m[35mALTER TABLE `b_twelves` ADD `notulen_updated_at` datetime[0m
  ↳ db/migrate/20200215104155_add_attachment_notulen_to_b_twelves.rb:4
  [1m[35m (0.5ms)[0m  [1m[35mBEGIN[0m
  ↳ bin/rails:4
  [1m[36mActiveRecord::SchemaMigration Create (0.5ms)[0m  [1m[32mINSERT INTO `schema_migrations` (`version`) VALUES ('20200215104155')[0m
  ↳ bin/rails:4
  [1m[35m (7.5ms)[0m  [1m[35mCOMMIT[0m
  ↳ bin/rails:4
Migrating to AddAttachmentDaftarHadirToBTwelves (20200215104216)
  [1m[35m (6.1ms)[0m  [1m[35mALTER TABLE `b_twelves` ADD `daftar_hadir_file_name` varchar(255)[0m
  ↳ db/migrate/20200215104216_add_attachment_daftar_hadir_to_b_twelves.rb:4
  [1m[35m (4.3ms)[0m  [1m[35mALTER TABLE `b_twelves` ADD `daftar_hadir_content_type` varchar(255)[0m
  ↳ db/migrate/20200215104216_add_attachment_daftar_hadir_to_b_twelves.rb:4
  [1m[35m (5.6ms)[0m  [1m[35mALTER TABLE `b_twelves` ADD `daftar_hadir_file_size` int[0m
  ↳ db/migrate/20200215104216_add_attachment_daftar_hadir_to_b_twelves.rb:4
  [1m[35m (2.3ms)[0m  [1m[35mALTER TABLE `b_twelves` ADD `daftar_hadir_updated_at` datetime[0m
  ↳ db/migrate/20200215104216_add_attachment_daftar_hadir_to_b_twelves.rb:4
  [1m[35m (0.4ms)[0m  [1m[35mBEGIN[0m
  ↳ bin/rails:4
  [1m[36mActiveRecord::SchemaMigration Create (0.6ms)[0m  [1m[32mINSERT INTO `schema_migrations` (`version`) VALUES ('20200215104216')[0m
  ↳ bin/rails:4
  [1m[35m (2.9ms)[0m  [1m[35mCOMMIT[0m
  ↳ bin/rails:4
Migrating to AddAttachmentFotoKegiatanToBTwelves (20200215104237)
  [1m[35m (4.9ms)[0m  [1m[35mALTER TABLE `b_twelves` ADD `foto_kegiatan_file_name` varchar(255)[0m
  ↳ db/migrate/20200215104237_add_attachment_foto_kegiatan_to_b_twelves.rb:4
  [1m[35m (4.5ms)[0m  [1m[35mALTER TABLE `b_twelves` ADD `foto_kegiatan_content_type` varchar(255)[0m
  ↳ db/migrate/20200215104237_add_attachment_foto_kegiatan_to_b_twelves.rb:4
  [1m[35m (6.7ms)[0m  [1m[35mALTER TABLE `b_twelves` ADD `foto_kegiatan_file_size` int[0m
  ↳ db/migrate/20200215104237_add_attachment_foto_kegiatan_to_b_twelves.rb:4
  [1m[35m (4.6ms)[0m  [1m[35mALTER TABLE `b_twelves` ADD `foto_kegiatan_updated_at` datetime[0m
  ↳ db/migrate/20200215104237_add_attachment_foto_kegiatan_to_b_twelves.rb:4
  [1m[35m (0.5ms)[0m  [1m[35mBEGIN[0m
  ↳ bin/rails:4
  [1m[36mActiveRecord::SchemaMigration Create (0.8ms)[0m  [1m[32mINSERT INTO `schema_migrations` (`version`) VALUES ('20200215104237')[0m
  ↳ bin/rails:4
  [1m[35m (4.2ms)[0m  [1m[35mCOMMIT[0m
  ↳ bin/rails:4
Migrating to AddAttachmentMateriToBTwelves (20200215104244)
  [1m[35m (5.7ms)[0m  [1m[35mALTER TABLE `b_twelves` ADD `materi_file_name` varchar(255)[0m
  ↳ db/migrate/20200215104244_add_attachment_materi_to_b_twelves.rb:4
  [1m[35m (2.9ms)[0m  [1m[35mALTER TABLE `b_twelves` ADD `materi_content_type` varchar(255)[0m
  ↳ db/migrate/20200215104244_add_attachment_materi_to_b_twelves.rb:4
  [1m[35m (4.2ms)[0m  [1m[35mALTER TABLE `b_twelves` ADD `materi_file_size` int[0m
  ↳ db/migrate/20200215104244_add_attachment_materi_to_b_twelves.rb:4
  [1m[35m (2.3ms)[0m  [1m[35mALTER TABLE `b_twelves` ADD `materi_updated_at` datetime[0m
  ↳ db/migrate/20200215104244_add_attachment_materi_to_b_twelves.rb:4
  [1m[35m (4.0ms)[0m  [1m[35mBEGIN[0m
  ↳ bin/rails:4
  [1m[36mActiveRecord::SchemaMigration Create (0.6ms)[0m  [1m[32mINSERT INTO `schema_migrations` (`version`) VALUES ('20200215104244')[0m
  ↳ bin/rails:4
  [1m[35m (3.4ms)[0m  [1m[35mCOMMIT[0m
  ↳ bin/rails:4
Migrating to AddAttachmentScanDocumentToBTwelves (20200215104253)
  [1m[35m (6.5ms)[0m  [1m[35mALTER TABLE `b_twelves` ADD `scan_document_file_name` varchar(255)[0m
  ↳ db/migrate/20200215104253_add_attachment_scan_document_to_b_twelves.rb:4
  [1m[35m (6.5ms)[0m  [1m[35mALTER TABLE `b_twelves` ADD `scan_document_content_type` varchar(255)[0m
  ↳ db/migrate/20200215104253_add_attachment_scan_document_to_b_twelves.rb:4
  [1m[35m (6.2ms)[0m  [1m[35mALTER TABLE `b_twelves` ADD `scan_document_file_size` int[0m
  ↳ db/migrate/20200215104253_add_attachment_scan_document_to_b_twelves.rb:4
  [1m[35m (7.5ms)[0m  [1m[35mALTER TABLE `b_twelves` ADD `scan_document_updated_at` datetime[0m
  ↳ db/migrate/20200215104253_add_attachment_scan_document_to_b_twelves.rb:4
  [1m[35m (1.6ms)[0m  [1m[35mBEGIN[0m
  ↳ bin/rails:4
  [1m[36mActiveRecord::SchemaMigration Create (0.7ms)[0m  [1m[32mINSERT INTO `schema_migrations` (`version`) VALUES ('20200215104253')[0m
  ↳ bin/rails:4
  [1m[35m (3.7ms)[0m  [1m[35mCOMMIT[0m
  ↳ bin/rails:4
Migrating to AddAttachmentScanDocumentTtdToBTwelves (20200215104258)
  [1m[35m (4.1ms)[0m  [1m[35mALTER TABLE `b_twelves` ADD `scan_document_ttd_file_name` varchar(255)[0m
  ↳ db/migrate/20200215104258_add_attachment_scan_document_ttd_to_b_twelves.rb:4
  [1m[35m (11.8ms)[0m  [1m[35mALTER TABLE `b_twelves` ADD `scan_document_ttd_content_type` varchar(255)[0m
  ↳ db/migrate/20200215104258_add_attachment_scan_document_ttd_to_b_twelves.rb:4
  [1m[35m (5.1ms)[0m  [1m[35mALTER TABLE `b_twelves` ADD `scan_document_ttd_file_size` int[0m
  ↳ db/migrate/20200215104258_add_attachment_scan_document_ttd_to_b_twelves.rb:4
  [1m[35m (2.4ms)[0m  [1m[35mALTER TABLE `b_twelves` ADD `scan_document_ttd_updated_at` datetime[0m
  ↳ db/migrate/20200215104258_add_attachment_scan_document_ttd_to_b_twelves.rb:4
  [1m[35m (0.5ms)[0m  [1m[35mBEGIN[0m
  ↳ bin/rails:4
  [1m[36mActiveRecord::SchemaMigration Create (0.4ms)[0m  [1m[32mINSERT INTO `schema_migrations` (`version`) VALUES ('20200215104258')[0m
  ↳ bin/rails:4
  [1m[35m (2.9ms)[0m  [1m[35mCOMMIT[0m
  ↳ bin/rails:4
Migrating to AddAttachmentFotoAtauMateriToBTwelves (20200215104308)
  [1m[35m (4.0ms)[0m  [1m[35mALTER TABLE `b_twelves` ADD `foto_atau_materi_file_name` varchar(255)[0m
  ↳ db/migrate/20200215104308_add_attachment_foto_atau_materi_to_b_twelves.rb:4
  [1m[35m (4.4ms)[0m  [1m[35mALTER TABLE `b_twelves` ADD `foto_atau_materi_content_type` varchar(255)[0m
  ↳ db/migrate/20200215104308_add_attachment_foto_atau_materi_to_b_twelves.rb:4
  [1m[35m (7.4ms)[0m  [1m[35mALTER TABLE `b_twelves` ADD `foto_atau_materi_file_size` int[0m
  ↳ db/migrate/20200215104308_add_attachment_foto_atau_materi_to_b_twelves.rb:4
  [1m[35m (8.5ms)[0m  [1m[35mALTER TABLE `b_twelves` ADD `foto_atau_materi_updated_at` datetime[0m
  ↳ db/migrate/20200215104308_add_attachment_foto_atau_materi_to_b_twelves.rb:4
  [1m[35m (1.8ms)[0m  [1m[35mBEGIN[0m
  ↳ bin/rails:4
  [1m[36mActiveRecord::SchemaMigration Create (1.4ms)[0m  [1m[32mINSERT INTO `schema_migrations` (`version`) VALUES ('20200215104308')[0m
  ↳ bin/rails:4
  [1m[35m (4.0ms)[0m  [1m[35mCOMMIT[0m
  ↳ bin/rails:4
Migrating to DeviseCreateUsers (20200215105011)
  [1m[35m (27.0ms)[0m  [1m[35mCREATE TABLE `users` (`id` bigint NOT NULL AUTO_INCREMENT PRIMARY KEY, `email` varchar(255) DEFAULT '' NOT NULL, `encrypted_password` varchar(255) DEFAULT '' NOT NULL, `reset_password_token` varchar(255), `reset_password_sent_at` datetime, `remember_created_at` datetime, `created_at` datetime NOT NULL, `updated_at` datetime NOT NULL)[0m
  ↳ db/migrate/20200215105011_devise_create_users.rb:5
  [1m[35m (8.3ms)[0m  [1m[35mCREATE UNIQUE INDEX `index_users_on_email`  ON `users` (`email`) [0m
  ↳ db/migrate/20200215105011_devise_create_users.rb:39
  [1m[35m (24.0ms)[0m  [1m[35mCREATE UNIQUE INDEX `index_users_on_reset_password_token`  ON `users` (`reset_password_token`) [0m
  ↳ db/migrate/20200215105011_devise_create_users.rb:40
  [1m[35m (0.4ms)[0m  [1m[35mBEGIN[0m
  ↳ bin/rails:4
  [1m[36mActiveRecord::SchemaMigration Create (0.4ms)[0m  [1m[32mINSERT INTO `schema_migrations` (`version`) VALUES ('20200215105011')[0m
  ↳ bin/rails:4
  [1m[35m (2.7ms)[0m  [1m[35mCOMMIT[0m
  ↳ bin/rails:4
  [1m[36mActiveRecord::InternalMetadata Load (0.8ms)[0m  [1m[34mSELECT  `ar_internal_metadata`.* FROM `ar_internal_metadata` WHERE `ar_internal_metadata`.`key` = 'environment' LIMIT 1[0m
  ↳ bin/rails:4
  [1m[35m (0.5ms)[0m  [1m[35mBEGIN[0m
  ↳ bin/rails:4
  [1m[36mActiveRecord::InternalMetadata Create (0.6ms)[0m  [1m[32mINSERT INTO `ar_internal_metadata` (`key`, `value`, `created_at`, `updated_at`) VALUES ('environment', 'development', '2020-02-15 10:52:08', '2020-02-15 10:52:08')[0m
  ↳ bin/rails:4
  [1m[35m (2.8ms)[0m  [1m[35mCOMMIT[0m
  ↳ bin/rails:4
  [1m[35m (0.6ms)[0m  [1m[34mSELECT RELEASE_LOCK('2127749988788325090')[0m
  ↳ bin/rails:4
  [1m[35m (1.4ms)[0m  [1m[34mSELECT `schema_migrations`.`version` FROM `schema_migrations` ORDER BY `schema_migrations`.`version` ASC[0m
  ↳ bin/rails:4
  [1m[35m (0.8ms)[0m  [1m[35mSET NAMES utf8,  @@SESSION.sql_mode = CONCAT(CONCAT(@@sql_mode, ',STRICT_ALL_TABLES'), ',NO_AUTO_VALUE_ON_ZERO'),  @@SESSION.sql_auto_is_null = 0, @@SESSION.wait_timeout = 2147483[0m
  ↳ bin/rails:4
  [1m[35m (0.4ms)[0m  [1m[34mSELECT `schema_migrations`.`version` FROM `schema_migrations` ORDER BY `schema_migrations`.`version` ASC[0m
  ↳ bin/rails:4
  [1m[35m (0.3ms)[0m  [1m[34mSELECT `schema_migrations`.`version` FROM `schema_migrations` ORDER BY `schema_migrations`.`version` ASC[0m
  ↳ bin/rails:4
  [1m[35m (0.4ms)[0m  [1m[34mSELECT `schema_migrations`.`version` FROM `schema_migrations` ORDER BY `schema_migrations`.`version` ASC[0m
  ↳ bin/rails:4
  [1m[35m (1.2ms)[0m  [1m[34mSELECT GET_LOCK('2127749988788325090', 0)[0m
  ↳ bin/rails:4
  [1m[35m (0.4ms)[0m  [1m[34mSELECT `schema_migrations`.`version` FROM `schema_migrations` ORDER BY `schema_migrations`.`version` ASC[0m
  ↳ bin/rails:4
Migrating to DeviseCreateUsers (20200215105011)
  [1m[35m (26.1ms)[0m  [1m[35mDROP INDEX `index_users_on_reset_password_token` ON `users`[0m
  ↳ bin/rails:4
  [1m[35m (6.7ms)[0m  [1m[35mDROP INDEX `index_users_on_email` ON `users`[0m
  ↳ bin/rails:4
  [1m[35m (33.1ms)[0m  [1m[35mDROP TABLE `users`[0m
  ↳ bin/rails:4
  [1m[36mActiveRecord::SchemaMigration Destroy (6.0ms)[0m  [1m[31mDELETE FROM `schema_migrations` WHERE `schema_migrations`.`version` = '20200215105011'[0m
  ↳ bin/rails:4
  [1m[35m (1.0ms)[0m  [1m[34mSELECT RELEASE_LOCK('2127749988788325090')[0m
  ↳ bin/rails:4
  [1m[35m (1.1ms)[0m  [1m[34mSELECT `schema_migrations`.`version` FROM `schema_migrations` ORDER BY `schema_migrations`.`version` ASC[0m
  ↳ bin/rails:4
  [1m[35m (1.0ms)[0m  [1m[35mSET NAMES utf8,  @@SESSION.sql_mode = CONCAT(CONCAT(@@sql_mode, ',STRICT_ALL_TABLES'), ',NO_AUTO_VALUE_ON_ZERO'),  @@SESSION.sql_auto_is_null = 0, @@SESSION.wait_timeout = 2147483[0m
  ↳ /usr/local/bundle/bin/annotate:23
  [1m[35m (0.6ms)[0m  [1m[34mSELECT `schema_migrations`.`version` FROM `schema_migrations` ORDER BY `schema_migrations`.`version` ASC[0m
  ↳ /usr/local/bundle/bin/annotate:23
  [1m[35m (1.0ms)[0m  [1m[35mSET NAMES utf8,  @@SESSION.sql_mode = CONCAT(CONCAT(@@sql_mode, ',STRICT_ALL_TABLES'), ',NO_AUTO_VALUE_ON_ZERO'),  @@SESSION.sql_auto_is_null = 0, @@SESSION.wait_timeout = 2147483[0m
  ↳ bin/rails:4
  [1m[35m (1.3ms)[0m  [1m[34mSELECT GET_LOCK('2127749988788325090', 0)[0m
  ↳ bin/rails:4
  [1m[35m (0.6ms)[0m  [1m[34mSELECT `schema_migrations`.`version` FROM `schema_migrations` ORDER BY `schema_migrations`.`version` ASC[0m
  ↳ bin/rails:4
Migrating to DeviseCreateUsers (20200215105011)
  [1m[35m (38.3ms)[0m  [1m[35mCREATE TABLE `users` (`id` bigint NOT NULL AUTO_INCREMENT PRIMARY KEY, `email` varchar(255) DEFAULT '' NOT NULL, `encrypted_password` varchar(255) DEFAULT '' NOT NULL, `username` varchar(255) DEFAULT '' NOT NULL, `reset_password_token` varchar(255), `reset_password_sent_at` datetime, `remember_created_at` datetime, `sign_in_count` int DEFAULT 0 NOT NULL, `current_sign_in_at` datetime, `last_sign_in_at` datetime, `current_sign_in_ip` varchar(255), `last_sign_in_ip` varchar(255), `confirmation_token` varchar(255), `confirmed_at` datetime, `confirmation_sent_at` datetime, `unconfirmed_email` varchar(255), `failed_attempts` int DEFAULT 0 NOT NULL, `unlock_token` varchar(255), `locked_at` datetime, `created_at` datetime NOT NULL, `updated_at` datetime NOT NULL)[0m
  ↳ db/migrate/20200215105011_devise_create_users.rb:5
  [1m[35m (19.3ms)[0m  [1m[35mCREATE UNIQUE INDEX `index_users_on_username`  ON `users` (`username`) [0m
  ↳ db/migrate/20200215105011_devise_create_users.rb:40
  [1m[35m (17.9ms)[0m  [1m[35mCREATE UNIQUE INDEX `index_users_on_email`  ON `users` (`email`) [0m
  ↳ db/migrate/20200215105011_devise_create_users.rb:41
  [1m[35m (17.7ms)[0m  [1m[35mCREATE UNIQUE INDEX `index_users_on_reset_password_token`  ON `users` (`reset_password_token`) [0m
  ↳ db/migrate/20200215105011_devise_create_users.rb:42
  [1m[35m (14.1ms)[0m  [1m[35mCREATE UNIQUE INDEX `index_users_on_confirmation_token`  ON `users` (`confirmation_token`) [0m
  ↳ db/migrate/20200215105011_devise_create_users.rb:43
  [1m[35m (38.7ms)[0m  [1m[35mCREATE UNIQUE INDEX `index_users_on_unlock_token`  ON `users` (`unlock_token`) [0m
  ↳ db/migrate/20200215105011_devise_create_users.rb:44
  [1m[35m (2.6ms)[0m  [1m[35mBEGIN[0m
  ↳ bin/rails:4
  [1m[36mActiveRecord::SchemaMigration Create (5.6ms)[0m  [1m[32mINSERT INTO `schema_migrations` (`version`) VALUES ('20200215105011')[0m
  ↳ bin/rails:4
  [1m[35m (9.6ms)[0m  [1m[35mCOMMIT[0m
  ↳ bin/rails:4
Migrating to AddDeletedAtToCities (20200215135554)
  [1m[35m (33.3ms)[0m  [1m[35mALTER TABLE `cities` ADD `deleted_at` datetime[0m
  ↳ db/migrate/20200215135554_add_deleted_at_to_cities.rb:3
  [1m[35m (17.6ms)[0m  [1m[35mCREATE  INDEX `index_cities_on_deleted_at`  ON `cities` (`deleted_at`) [0m
  ↳ db/migrate/20200215135554_add_deleted_at_to_cities.rb:4
  [1m[35m (1.9ms)[0m  [1m[35mBEGIN[0m
  ↳ bin/rails:4
  [1m[36mActiveRecord::SchemaMigration Create (1.3ms)[0m  [1m[32mINSERT INTO `schema_migrations` (`version`) VALUES ('20200215135554')[0m
  ↳ bin/rails:4
  [1m[35m (8.3ms)[0m  [1m[35mCOMMIT[0m
  ↳ bin/rails:4
Migrating to AddDeletedAtToYears (20200215135606)
  [1m[35m (18.2ms)[0m  [1m[35mALTER TABLE `years` ADD `deleted_at` datetime[0m
  ↳ db/migrate/20200215135606_add_deleted_at_to_years.rb:3
  [1m[35m (22.3ms)[0m  [1m[35mCREATE  INDEX `index_years_on_deleted_at`  ON `years` (`deleted_at`) [0m
  ↳ db/migrate/20200215135606_add_deleted_at_to_years.rb:4
  [1m[35m (0.8ms)[0m  [1m[35mBEGIN[0m
  ↳ bin/rails:4
  [1m[36mActiveRecord::SchemaMigration Create (0.9ms)[0m  [1m[32mINSERT INTO `schema_migrations` (`version`) VALUES ('20200215135606')[0m
  ↳ bin/rails:4
  [1m[35m (4.9ms)[0m  [1m[35mCOMMIT[0m
  ↳ bin/rails:4
Migrating to AddDeletedAtToActionPlans (20200215135627)
  [1m[35m (10.5ms)[0m  [1m[35mALTER TABLE `action_plans` ADD `deleted_at` datetime[0m
  ↳ db/migrate/20200215135627_add_deleted_at_to_action_plans.rb:3
  [1m[35m (20.1ms)[0m  [1m[35mCREATE  INDEX `index_action_plans_on_deleted_at`  ON `action_plans` (`deleted_at`) [0m
  ↳ db/migrate/20200215135627_add_deleted_at_to_action_plans.rb:4
  [1m[35m (0.9ms)[0m  [1m[35mBEGIN[0m
  ↳ bin/rails:4
  [1m[36mActiveRecord::SchemaMigration Create (0.9ms)[0m  [1m[32mINSERT INTO `schema_migrations` (`version`) VALUES ('20200215135627')[0m
  ↳ bin/rails:4
  [1m[35m (5.4ms)[0m  [1m[35mCOMMIT[0m
  ↳ bin/rails:4
Migrating to AddDeletedAtToBFours (20200215135639)
  [1m[35m (12.8ms)[0m  [1m[35mALTER TABLE `b_fours` ADD `deleted_at` datetime[0m
  ↳ db/migrate/20200215135639_add_deleted_at_to_b_fours.rb:3
  [1m[35m (13.7ms)[0m  [1m[35mCREATE  INDEX `index_b_fours_on_deleted_at`  ON `b_fours` (`deleted_at`) [0m
  ↳ db/migrate/20200215135639_add_deleted_at_to_b_fours.rb:4
  [1m[35m (1.0ms)[0m  [1m[35mBEGIN[0m
  ↳ bin/rails:4
  [1m[36mActiveRecord::SchemaMigration Create (1.7ms)[0m  [1m[32mINSERT INTO `schema_migrations` (`version`) VALUES ('20200215135639')[0m
  ↳ bin/rails:4
  [1m[35m (5.1ms)[0m  [1m[35mCOMMIT[0m
  ↳ bin/rails:4
Migrating to AddDeletedAtToBEights (20200215135650)
  [1m[35m (4.4ms)[0m  [1m[35mALTER TABLE `b_eights` ADD `deleted_at` datetime[0m
  ↳ db/migrate/20200215135650_add_deleted_at_to_b_eights.rb:3
  [1m[35m (9.9ms)[0m  [1m[35mCREATE  INDEX `index_b_eights_on_deleted_at`  ON `b_eights` (`deleted_at`) [0m
  ↳ db/migrate/20200215135650_add_deleted_at_to_b_eights.rb:4
  [1m[35m (0.6ms)[0m  [1m[35mBEGIN[0m
  ↳ bin/rails:4
  [1m[36mActiveRecord::SchemaMigration Create (0.5ms)[0m  [1m[32mINSERT INTO `schema_migrations` (`version`) VALUES ('20200215135650')[0m
  ↳ bin/rails:4
  [1m[35m (7.2ms)[0m  [1m[35mCOMMIT[0m
  ↳ bin/rails:4
Migrating to AddDeletedAtToBTwelves (20200215135705)
  [1m[35m (10.4ms)[0m  [1m[35mALTER TABLE `b_twelves` ADD `deleted_at` datetime[0m
  ↳ db/migrate/20200215135705_add_deleted_at_to_b_twelves.rb:3
  [1m[35m (12.7ms)[0m  [1m[35mCREATE  INDEX `index_b_twelves_on_deleted_at`  ON `b_twelves` (`deleted_at`) [0m
  ↳ db/migrate/20200215135705_add_deleted_at_to_b_twelves.rb:4
  [1m[35m (0.9ms)[0m  [1m[35mBEGIN[0m
  ↳ bin/rails:4
  [1m[36mActiveRecord::SchemaMigration Create (1.2ms)[0m  [1m[32mINSERT INTO `schema_migrations` (`version`) VALUES ('20200215135705')[0m
  ↳ bin/rails:4
  [1m[35m (3.3ms)[0m  [1m[35mCOMMIT[0m
  ↳ bin/rails:4
Migrating to AddDeletedAtToUsers (20200215135728)
  [1m[35m (4.9ms)[0m  [1m[35mALTER TABLE `users` ADD `deleted_at` datetime[0m
  ↳ db/migrate/20200215135728_add_deleted_at_to_users.rb:3
  [1m[35m (13.4ms)[0m  [1m[35mCREATE  INDEX `index_users_on_deleted_at`  ON `users` (`deleted_at`) [0m
  ↳ db/migrate/20200215135728_add_deleted_at_to_users.rb:4
  [1m[35m (1.2ms)[0m  [1m[35mBEGIN[0m
  ↳ bin/rails:4
  [1m[36mActiveRecord::SchemaMigration Create (1.0ms)[0m  [1m[32mINSERT INTO `schema_migrations` (`version`) VALUES ('20200215135728')[0m
  ↳ bin/rails:4
  [1m[35m (6.0ms)[0m  [1m[35mCOMMIT[0m
  ↳ bin/rails:4
Migrating to CreatePermissions (20200215140040)
  [1m[35m (15.7ms)[0m  [1m[35mCREATE TABLE `permissions` (`id` bigint NOT NULL AUTO_INCREMENT PRIMARY KEY, `name` varchar(255), `resource` varchar(255), `action` varchar(255), `description` text, `page` tinyint(1), `path` text, `created_at` datetime NOT NULL, `updated_at` datetime NOT NULL)[0m
  ↳ db/migrate/20200215140040_create_permissions.rb:3
  [1m[35m (1.1ms)[0m  [1m[35mBEGIN[0m
  ↳ bin/rails:4
  [1m[36mActiveRecord::SchemaMigration Create (1.5ms)[0m  [1m[32mINSERT INTO `schema_migrations` (`version`) VALUES ('20200215140040')[0m
  ↳ bin/rails:4
  [1m[35m (2.9ms)[0m  [1m[35mCOMMIT[0m
  ↳ bin/rails:4
Migrating to CreateRoles (20200215140113)
  [1m[35m (17.1ms)[0m  [1m[35mCREATE TABLE `roles` (`id` bigint NOT NULL AUTO_INCREMENT PRIMARY KEY, `name_role` varchar(255), `created_at` datetime NOT NULL, `updated_at` datetime NOT NULL)[0m
  ↳ db/migrate/20200215140113_create_roles.rb:3
  [1m[35m (0.8ms)[0m  [1m[35mBEGIN[0m
  ↳ bin/rails:4
  [1m[36mActiveRecord::SchemaMigration Create (1.3ms)[0m  [1m[32mINSERT INTO `schema_migrations` (`version`) VALUES ('20200215140113')[0m
  ↳ bin/rails:4
  [1m[35m (3.8ms)[0m  [1m[35mCOMMIT[0m
  ↳ bin/rails:4
Migrating to AddDeletedAtToRoles (20200215140125)
  [1m[35m (7.6ms)[0m  [1m[35mALTER TABLE `roles` ADD `deleted_at` datetime[0m
  ↳ db/migrate/20200215140125_add_deleted_at_to_roles.rb:3
  [1m[35m (12.0ms)[0m  [1m[35mCREATE  INDEX `index_roles_on_deleted_at`  ON `roles` (`deleted_at`) [0m
  ↳ db/migrate/20200215140125_add_deleted_at_to_roles.rb:4
  [1m[35m (0.8ms)[0m  [1m[35mBEGIN[0m
  ↳ bin/rails:4
  [1m[36mActiveRecord::SchemaMigration Create (1.1ms)[0m  [1m[32mINSERT INTO `schema_migrations` (`version`) VALUES ('20200215140125')[0m
  ↳ bin/rails:4
  [1m[35m (4.0ms)[0m  [1m[35mCOMMIT[0m
  ↳ bin/rails:4
Migrating to AddDeletedAtToPermissions (20200215140136)
  [1m[35m (9.5ms)[0m  [1m[35mALTER TABLE `permissions` ADD `deleted_at` datetime[0m
  ↳ db/migrate/20200215140136_add_deleted_at_to_permissions.rb:3
  [1m[35m (13.2ms)[0m  [1m[35mCREATE  INDEX `index_permissions_on_deleted_at`  ON `permissions` (`deleted_at`) [0m
  ↳ db/migrate/20200215140136_add_deleted_at_to_permissions.rb:4
  [1m[35m (0.8ms)[0m  [1m[35mBEGIN[0m
  ↳ bin/rails:4
  [1m[36mActiveRecord::SchemaMigration Create (0.7ms)[0m  [1m[32mINSERT INTO `schema_migrations` (`version`) VALUES ('20200215140136')[0m
  ↳ bin/rails:4
  [1m[35m (4.8ms)[0m  [1m[35mCOMMIT[0m
  ↳ bin/rails:4
Migrating to AddSlugToUsers (20200215140224)
  [1m[35m (5.3ms)[0m  [1m[35mALTER TABLE `users` ADD `slug` varchar(255)[0m
  ↳ db/migrate/20200215140224_add_slug_to_users.rb:3
  [1m[35m (12.7ms)[0m  [1m[35mCREATE UNIQUE INDEX `index_users_on_slug`  ON `users` (`slug`) [0m
  ↳ db/migrate/20200215140224_add_slug_to_users.rb:4
  [1m[35m (2.1ms)[0m  [1m[35mBEGIN[0m
  ↳ bin/rails:4
  [1m[36mActiveRecord::SchemaMigration Create (0.8ms)[0m  [1m[32mINSERT INTO `schema_migrations` (`version`) VALUES ('20200215140224')[0m
  ↳ bin/rails:4
  [1m[35m (4.7ms)[0m  [1m[35mCOMMIT[0m
  ↳ bin/rails:4
Migrating to AddSlugToPermissions (20200215140234)
  [1m[35m (4.3ms)[0m  [1m[35mALTER TABLE `permissions` ADD `slug` varchar(255)[0m
  ↳ db/migrate/20200215140234_add_slug_to_permissions.rb:3
  [1m[35m (10.2ms)[0m  [1m[35mCREATE UNIQUE INDEX `index_permissions_on_slug`  ON `permissions` (`slug`) [0m
  ↳ db/migrate/20200215140234_add_slug_to_permissions.rb:4
  [1m[35m (0.3ms)[0m  [1m[35mBEGIN[0m
  ↳ bin/rails:4
  [1m[36mActiveRecord::SchemaMigration Create (0.5ms)[0m  [1m[32mINSERT INTO `schema_migrations` (`version`) VALUES ('20200215140234')[0m
  ↳ bin/rails:4
  [1m[35m (3.2ms)[0m  [1m[35mCOMMIT[0m
  ↳ bin/rails:4
Migrating to AddSlugToRoles (20200215140243)
  [1m[35m (4.2ms)[0m  [1m[35mALTER TABLE `roles` ADD `slug` varchar(255)[0m
  ↳ db/migrate/20200215140243_add_slug_to_roles.rb:3
  [1m[35m (14.2ms)[0m  [1m[35mCREATE UNIQUE INDEX `index_roles_on_slug`  ON `roles` (`slug`) [0m
  ↳ db/migrate/20200215140243_add_slug_to_roles.rb:4
  [1m[35m (1.0ms)[0m  [1m[35mBEGIN[0m
  ↳ bin/rails:4
  [1m[36mActiveRecord::SchemaMigration Create (0.5ms)[0m  [1m[32mINSERT INTO `schema_migrations` (`version`) VALUES ('20200215140243')[0m
  ↳ bin/rails:4
  [1m[35m (3.1ms)[0m  [1m[35mCOMMIT[0m
  ↳ bin/rails:4
  [1m[36mActiveRecord::InternalMetadata Load (0.9ms)[0m  [1m[34mSELECT  `ar_internal_metadata`.* FROM `ar_internal_metadata` WHERE `ar_internal_metadata`.`key` = 'environment' LIMIT 1[0m
  ↳ bin/rails:4
  [1m[35m (0.4ms)[0m  [1m[35mBEGIN[0m
  ↳ bin/rails:4
  [1m[35m (0.3ms)[0m  [1m[35mCOMMIT[0m
  ↳ bin/rails:4
  [1m[35m (0.4ms)[0m  [1m[34mSELECT RELEASE_LOCK('2127749988788325090')[0m
  ↳ bin/rails:4
  [1m[35m (0.8ms)[0m  [1m[34mSELECT `schema_migrations`.`version` FROM `schema_migrations` ORDER BY `schema_migrations`.`version` ASC[0m
  ↳ bin/rails:4
  [1m[35m (0.3ms)[0m  [1m[34mSELECT `schema_migrations`.`version` FROM `schema_migrations` ORDER BY `schema_migrations`.`version` ASC[0m
  ↳ bin/rails:4
  [1m[35m (1.7ms)[0m  [1m[35mSET NAMES utf8,  @@SESSION.sql_mode = CONCAT(CONCAT(@@sql_mode, ',STRICT_ALL_TABLES'), ',NO_AUTO_VALUE_ON_ZERO'),  @@SESSION.sql_auto_is_null = 0, @@SESSION.wait_timeout = 2147483[0m
  ↳ bin/rails:4
  [1m[35m (1.3ms)[0m  [1m[34mSELECT GET_LOCK('2127749988788325090', 0)[0m
  ↳ bin/rails:4
  [1m[35m (0.5ms)[0m  [1m[34mSELECT `schema_migrations`.`version` FROM `schema_migrations` ORDER BY `schema_migrations`.`version` ASC[0m
  ↳ bin/rails:4
Migrating to AddCityToUsers (20200215140949)
  [1m[35m (15.7ms)[0m  [1m[35mALTER TABLE `users` ADD `city_id` bigint[0m
  ↳ db/migrate/20200215140949_add_city_to_users.rb:3
  [1m[35m (14.7ms)[0m  [1m[35mCREATE  INDEX `index_users_on_city_id`  ON `users` (`city_id`) [0m
  ↳ db/migrate/20200215140949_add_city_to_users.rb:3
  [1m[35m (90.0ms)[0m  [1m[35mALTER TABLE `users` ADD CONSTRAINT `fk_rails_9c7442481a`
FOREIGN KEY (`city_id`)
  REFERENCES `cities` (`id`)
[0m
  ↳ db/migrate/20200215140949_add_city_to_users.rb:3
  [1m[35m (1.1ms)[0m  [1m[35mBEGIN[0m
  ↳ bin/rails:4
  [1m[36mActiveRecord::SchemaMigration Create (1.3ms)[0m  [1m[32mINSERT INTO `schema_migrations` (`version`) VALUES ('20200215140949')[0m
  ↳ bin/rails:4
  [1m[35m (3.9ms)[0m  [1m[35mCOMMIT[0m
  ↳ bin/rails:4
  [1m[36mActiveRecord::InternalMetadata Load (0.6ms)[0m  [1m[34mSELECT  `ar_internal_metadata`.* FROM `ar_internal_metadata` WHERE `ar_internal_metadata`.`key` = 'environment' LIMIT 1[0m
  ↳ bin/rails:4
  [1m[35m (0.8ms)[0m  [1m[35mBEGIN[0m
  ↳ bin/rails:4
  [1m[35m (0.6ms)[0m  [1m[35mCOMMIT[0m
  ↳ bin/rails:4
  [1m[35m (1.1ms)[0m  [1m[34mSELECT RELEASE_LOCK('2127749988788325090')[0m
  ↳ bin/rails:4
  [1m[35m (1.1ms)[0m  [1m[34mSELECT `schema_migrations`.`version` FROM `schema_migrations` ORDER BY `schema_migrations`.`version` ASC[0m
  ↳ bin/rails:4
  [1m[35m (1.2ms)[0m  [1m[34mSELECT `schema_migrations`.`version` FROM `schema_migrations` ORDER BY `schema_migrations`.`version` ASC[0m
  ↳ bin/rails:4
Started GET "/" for 192.168.112.1 at 2020-02-15 14:10:43 +0000
Cannot render console from 192.168.112.1! Allowed networks: 127.0.0.1, ::1, 127.0.0.0/127.255.255.255
  
NoMethodError (undefined method `devise' for User (call 'User.connection' to establish a connection):Class):
  
app/models/user.rb:49:in `<class:User>'
app/models/user.rb:46:in `<top (required)>'
config/routes.rb:4:in `block in <top (required)>'
config/routes.rb:1:in `<top (required)>'
Started GET "/rails/info/routes" for 192.168.112.1 at 2020-02-18 15:31:46 +0000
Cannot render console from 192.168.112.1! Allowed networks: 127.0.0.1, ::1, 127.0.0.0/127.255.255.255
  [1m[35m (5.9ms)[0m  [1m[35mSET NAMES utf8,  @@SESSION.sql_mode = CONCAT(CONCAT(@@sql_mode, ',STRICT_ALL_TABLES'), ',NO_AUTO_VALUE_ON_ZERO'),  @@SESSION.sql_auto_is_null = 0, @@SESSION.wait_timeout = 2147483[0m
  ↳ /usr/local/bundle/gems/activerecord-5.2.4.1/lib/active_record/log_subscriber.rb:98
  [1m[35m (0.7ms)[0m  [1m[34mSELECT `schema_migrations`.`version` FROM `schema_migrations` ORDER BY `schema_migrations`.`version` ASC[0m
  ↳ /usr/local/bundle/gems/activerecord-5.2.4.1/lib/active_record/log_subscriber.rb:98
Processing by Rails::InfoController#routes as HTML
  Rendering /usr/local/bundle/gems/railties-5.2.4.1/lib/rails/templates/rails/info/routes.html.erb within layouts/application
  Rendered collection of /usr/local/bundle/gems/actionpack-5.2.4.1/lib/action_dispatch/middleware/templates/routes/_route.html.erb [88 times] (30.6ms)
  Rendered /usr/local/bundle/gems/actionpack-5.2.4.1/lib/action_dispatch/middleware/templates/routes/_table.html.erb (12.8ms)
  Rendered /usr/local/bundle/gems/railties-5.2.4.1/lib/rails/templates/rails/info/routes.html.erb within layouts/application (56.4ms)
Completed 200 OK in 78ms (Views: 67.4ms | ActiveRecord: 0.0ms)


Started GET "/rails/info/routes?path=yar" for 192.168.112.1 at 2020-02-18 15:31:53 +0000
Cannot render console from 192.168.112.1! Allowed networks: 127.0.0.1, ::1, 127.0.0.0/127.255.255.255
Processing by Rails::InfoController#routes as */*
  Parameters: {"path"=>"yar"}
Completed 200 OK in 6ms (Views: 0.3ms | ActiveRecord: 0.0ms)


Started GET "/rails/info/routes?path=year" for 192.168.112.1 at 2020-02-18 15:31:55 +0000
Cannot render console from 192.168.112.1! Allowed networks: 127.0.0.1, ::1, 127.0.0.0/127.255.255.255
Processing by Rails::InfoController#routes as */*
  Parameters: {"path"=>"year"}
Completed 200 OK in 3ms (Views: 0.4ms | ActiveRecord: 0.0ms)


Started GET "/rails/info/routes?path=years" for 192.168.112.1 at 2020-02-18 15:31:55 +0000
Cannot render console from 192.168.112.1! Allowed networks: 127.0.0.1, ::1, 127.0.0.0/127.255.255.255
Processing by Rails::InfoController#routes as */*
  Parameters: {"path"=>"years"}
Completed 200 OK in 3ms (Views: 0.5ms | ActiveRecord: 0.0ms)


Started GET "/rails/info/routes?path=years" for 192.168.112.1 at 2020-02-18 15:32:18 +0000
Cannot render console from 192.168.112.1! Allowed networks: 127.0.0.1, ::1, 127.0.0.0/127.255.255.255
Processing by Rails::InfoController#routes as */*
  Parameters: {"path"=>"years"}
Completed 200 OK in 10ms (Views: 0.6ms | ActiveRecord: 0.0ms)


Started GET "/rails/info/routes?path=years" for 192.168.112.1 at 2020-02-18 15:32:43 +0000
Cannot render console from 192.168.112.1! Allowed networks: 127.0.0.1, ::1, 127.0.0.0/127.255.255.255
Processing by Rails::InfoController#routes as */*
  Parameters: {"path"=>"years"}
Completed 200 OK in 6ms (Views: 0.8ms | ActiveRecord: 0.0ms)


Started GET "/rails/info/routes?path=years" for 192.168.112.1 at 2020-02-18 15:32:43 +0000
Cannot render console from 192.168.112.1! Allowed networks: 127.0.0.1, ::1, 127.0.0.0/127.255.255.255
Processing by Rails::InfoController#routes as */*
  Parameters: {"path"=>"years"}
Completed 200 OK in 6ms (Views: 1.2ms | ActiveRecord: 0.0ms)


